<?xml version="1.0" encoding="UTF-8"?>
<!-- Generated by org.testng.reporters.JUnitReportReporter -->
<testsuite hostname="MacBook-Pro-Sawomir.local" failures="0" tests="3" name="at.ATests" time="0.341" errors="0" timestamp="2021-02-19T11:30:31 CET" skipped="0">
  <testcase classname="at.ATests" name="AT1" time="0.336"/>
  <testcase classname="at.ATests" name="AT2" time="0.002"/>
  <testcase classname="at.ATests" name="AT3" time="0.003"/>
</testsuite> <!-- at.ATests -->
